1612954136374	geckodriver	INFO	Listening on 127.0.0.1:61524
1612954140708	mozrunner::runner	INFO	Running command: "C:\\Program Files (x86)\\Mozilla Firefox\\firefox.exe" "--marionette" "-foreground" "-no-remote" "-profile" "C:\\Users\\attapont\\AppData\\Local\\Temp\\rust_mozprofile3F2AEa"
JavaScript error: resource://gre/modules/XULStore.jsm, line 66: Error: Can't find profile directory.
1612954144383	Marionette	INFO	Listening on port 61534
1612954144864	Marionette	WARN	TLS certificate errors will be ignored for this session
1612954144879	Marionette	ERROR	[27] No reply from Marionette:Register
JavaScript error: https://d3foky5tj4r69v.cloudfront.net/app/shell/polyfills-es2015.486fbd94ce5c1f86c571.js, line 1: SecurityError: Permission to call 'setInterval' denied.
1612954191126	Marionette	WARN	Ignoring event 'DOMContentLoaded' because document has an invalid readyState of 'complete'.
1612954207636	Marionette	ERROR	[4294967300] No reply from Marionette:Register
1612954283400	Marionette	INFO	Stopped listening on port 61534

###!!! [Child][RunMessage] Error: Channel closing: too late to send/recv, messages will be lost

1612954288931	geckodriver	INFO	Listening on 127.0.0.1:61689
1612954293242	mozrunner::runner	INFO	Running command: "C:\\Program Files (x86)\\Mozilla Firefox\\firefox.exe" "--marionette" "-foreground" "-no-remote" "-profile" "C:\\Users\\attapont\\AppData\\Local\\Temp\\rust_mozprofileQCZpIv"
JavaScript error: resource://gre/modules/XULStore.jsm, line 66: Error: Can't find profile directory.
1612954295907	Marionette	INFO	Listening on port 61698
1612954295980	Marionette	WARN	TLS certificate errors will be ignored for this session
1612954295998	Marionette	ERROR	[27] No reply from Marionette:Register
1612954308355	Marionette	WARN	Ignoring event 'DOMContentLoaded' because document has an invalid readyState of 'complete'.
1612954309048	Marionette	WARN	Ignoring event 'DOMContentLoaded' because document has an invalid readyState of 'complete'.
1612954325393	Marionette	ERROR	[4294967300] No reply from Marionette:Register
1612954416152	Marionette	ERROR	[41] No reply from Marionette:Register
SourceActor threw an exception: [Exception... "Failed to open input source 'javascript:void(0)'"  nsresult: "0x80040111 (NS_ERROR_NOT_AVAILABLE)"  location: "JS frame :: resource://devtools/shared/DevToolsUtils.js :: mainThreadFetch/< :: line 668"  data: yes]
Stack: mainThreadFetch/<@resource://devtools/shared/DevToolsUtils.js:668:15
mainThreadFetch@resource://devtools/shared/DevToolsUtils.js:516:10
_fetchURLContents@resource://devtools/server/actors/utils/sources-manager.js:439:22
urlContents@resource://devtools/server/actors/utils/sources-manager.js:406:17
_resurrectSource@resource://devtools/server/actors/thread.js:2112:35
addAllSources@resource://devtools/server/actors/thread.js:1482:14
watch@resource://devtools/server/actors/resources/sources.js:52:17
watchResources@resource://devtools/server/actors/resources/index.js:204:19
_watchTargetResources@resource://devtools/server/actors/targets/target-actor-mixin.js:52:24
addWatcherDataEntry@resource://devtools/server/actors/targets/target-actor-mixin.js:29:21
_addWatcherDataEntry@resource://devtools/server/connectors/js-window-actor/DevToolsFrameChild.jsm:411:24
receiveMessage@resource://devtools/server/connectors/js-window-actor/DevToolsFrameChild.jsm:353:21
Line: 668, column: 0
console.error: ({})
JavaScript error: resource://devtools/shared/DevToolsUtils.js, line 668: NS_ERROR_NOT_AVAILABLE: Failed to open input source 'javascript:void(0)'
console.error: (new TypeError("parent is null", "resource://devtools/client/inspector/shared/style-change-tracker.js", 67))
TypeError: parent is null: canMutationImpactCurrentStyles@resource://devtools/client/inspector/shared/style-change-tracker.js:67:24
onMutations@resource://devtools/client/inspector/shared/style-change-tracker.js:84:41
_emit@resource://devtools/shared/event-emitter.js:226:34
emit@resource://devtools/shared/event-emitter.js:172:18
emit@resource://devtools/shared/event-emitter.js:324:18
getMutations@resource://devtools/client/fronts/walker.js:358:10

console.error: (new TypeError("parent is null", "resource://devtools/client/inspector/shared/style-change-tracker.js", 67))
TypeError: parent is null: canMutationImpactCurrentStyles@resource://devtools/client/inspector/shared/style-change-tracker.js:67:24
onMutations@resource://devtools/client/inspector/shared/style-change-tracker.js:84:41
_emit@resource://devtools/shared/event-emitter.js:226:34
emit@resource://devtools/shared/event-emitter.js:172:18
emit@resource://devtools/shared/event-emitter.js:324:18
getMutations@resource://devtools/client/fronts/walker.js:358:10

console.error: (new TypeError("container.node.targetFront is null", "resource://devtools/client/inspector/markup/markup.js", 2241))
console.error: (new TypeError("container.node.targetFront is null", "resource://devtools/client/inspector/markup/markup.js", 2241))
1612965439306	Marionette	INFO	Stopped listening on port 61698

###!!! [Child][RunMessage] Error: Channel closing: too late to send/recv, messages will be lost

1613120204588	geckodriver	INFO	Listening on 127.0.0.1:59086
1613120208705	mozrunner::runner	INFO	Running command: "C:\\Program Files (x86)\\Mozilla Firefox\\firefox.exe" "--marionette" "-foreground" "-no-remote" "-profile" "C:\\Users\\attapont\\AppData\\Local\\Temp\\rust_mozprofileqFIeYx"
JavaScript error: resource://gre/modules/XULStore.jsm, line 66: Error: Can't find profile directory.
1613120211825	Marionette	INFO	Listening on port 59094
1613120211891	Marionette	WARN	TLS certificate errors will be ignored for this session
1613120211912	Marionette	ERROR	[27] No reply from Marionette:Register
1613120224339	Marionette	WARN	Ignoring event 'DOMContentLoaded' because document has an invalid readyState of 'complete'.
JavaScript error: , line 0: NotFoundError: No such JSWindowActor 'MarionetteEvents'
1613120240856	Marionette	ERROR	[4294967300] No reply from Marionette:Register
console.log: WebExtensions: reset-default-search: No addons in our list are installed.
console.warn: LoginRecipes: "getRecipes: falling back to a synchronous message for:" "https://eservice.schenker-ap.com"
SourceActor threw an exception: [Exception... "Failed to open input source 'javascript:void(0)'"  nsresult: "0x80040111 (NS_ERROR_NOT_AVAILABLE)"  location: "JS frame :: resource://devtools/shared/DevToolsUtils.js :: mainThreadFetch/< :: line 668"  data: yes]
Stack: mainThreadFetch/<@resource://devtools/shared/DevToolsUtils.js:668:15
mainThreadFetch@resource://devtools/shared/DevToolsUtils.js:516:10
_fetchURLContents@resource://devtools/server/actors/utils/sources-manager.js:439:22
urlContents@resource://devtools/server/actors/utils/sources-manager.js:406:17
_resurrectSource@resource://devtools/server/actors/thread.js:2112:35
addAllSources@resource://devtools/server/actors/thread.js:1482:14
watch@resource://devtools/server/actors/resources/sources.js:52:17
watchResources@resource://devtools/server/actors/resources/index.js:204:19
_watchTargetResources@resource://devtools/server/actors/targets/target-actor-mixin.js:52:24
addWatcherDataEntry@resource://devtools/server/actors/targets/target-actor-mixin.js:29:21
_addWatcherDataEntry@resource://devtools/server/connectors/js-window-actor/DevToolsFrameChild.jsm:411:24
receiveMessage@resource://devtools/server/connectors/js-window-actor/DevToolsFrameChild.jsm:353:21
Line: 668, column: 0
console.error: ({})
JavaScript error: resource://devtools/shared/DevToolsUtils.js, line 668: NS_ERROR_NOT_AVAILABLE: Failed to open input source 'javascript:void(0)'
console.error: (new TypeError("container.node.targetFront is null", "resource://devtools/client/inspector/markup/markup.js", 2241))
console.warn: LoginRecipes: "getRecipes: falling back to a synchronous message for:" "https://eservice.schenker-ap.com"
console.error: (new TypeError("parent is null", "resource://devtools/client/inspector/shared/style-change-tracker.js", 67))
TypeError: parent is null: canMutationImpactCurrentStyles@resource://devtools/client/inspector/shared/style-change-tracker.js:67:24
onMutations@resource://devtools/client/inspector/shared/style-change-tracker.js:84:41
_emit@resource://devtools/shared/event-emitter.js:226:34
emit@resource://devtools/shared/event-emitter.js:172:18
emit@resource://devtools/shared/event-emitter.js:324:18
getMutations@resource://devtools/client/fronts/walker.js:358:10

console.error: (new TypeError("container.node.targetFront is null", "resource://devtools/client/inspector/markup/markup.js", 2241))
console.error: (new TypeError("parent is null", "resource://devtools/client/inspector/shared/style-change-tracker.js", 67))
TypeError: parent is null: canMutationImpactCurrentStyles@resource://devtools/client/inspector/shared/style-change-tracker.js:67:24
onMutations@resource://devtools/client/inspector/shared/style-change-tracker.js:84:41
_emit@resource://devtools/shared/event-emitter.js:226:34
emit@resource://devtools/shared/event-emitter.js:172:18
emit@resource://devtools/shared/event-emitter.js:324:18
getMutations@resource://devtools/client/fronts/walker.js:358:10

console.error: "Error while calling actor 'pagestyle's method 'getLayout'" "null has no properties"
console.error: "getLayout@resource://devtools/server/actors/page-style.js:1003:5\nhandler@resource://devtools/shared/protocol/Actor.js:172:37\nonPacket@resource://devtools/server/devtools-server-connection.js:379:58\nreceiveMessage@resource://devtools/shared/transport/child-transport.js:68:16\n"
console.error: (new TypeError("container.node.targetFront is null", "resource://devtools/client/inspector/markup/markup.js", 2241))
console.error: (new Error("Protocol error (TypeError): null has no properties from: server0.conn0.child3/pagestyle26 (resource://devtools/server/actors/page-style.js:1003:5)", "resource://devtools/shared/protocol/Front.js", 361))
console.error: (new TypeError("parent is null", "resource://devtools/client/inspector/shared/style-change-tracker.js", 67))
TypeError: parent is null: canMutationImpactCurrentStyles@resource://devtools/client/inspector/shared/style-change-tracker.js:67:24
onMutations@resource://devtools/client/inspector/shared/style-change-tracker.js:84:41
_emit@resource://devtools/shared/event-emitter.js:226:34
emit@resource://devtools/shared/event-emitter.js:172:18
emit@resource://devtools/shared/event-emitter.js:324:18
getMutations@resource://devtools/client/fronts/walker.js:358:10

console.error: (new TypeError("container.node.targetFront is null", "resource://devtools/client/inspector/markup/markup.js", 2241))
1613124014423	Marionette	INFO	Stopped listening on port 59094

###!!! [Child][RunMessage] Error: Channel closing: too late to send/recv, messages will be lost

1613284747371	geckodriver	INFO	Listening on 127.0.0.1:50103
1613284753668	mozrunner::runner	INFO	Running command: "C:\\Program Files (x86)\\Mozilla Firefox\\firefox.exe" "--marionette" "-foreground" "-no-remote" "-profile" "C:\\Users\\attapont\\AppData\\Local\\Temp\\rust_mozprofileJOJQVR"
JavaScript error: resource://gre/modules/XULStore.jsm, line 66: Error: Can't find profile directory.
1613284756740	Marionette	INFO	Listening on port 50112
1613284756876	Marionette	WARN	TLS certificate errors will be ignored for this session
1613284756887	Marionette	ERROR	[27] No reply from Marionette:Register
1613284770106	Marionette	WARN	Ignoring event 'DOMContentLoaded' because document has an invalid readyState of 'complete'.
console.log: WebExtensions: reset-default-search: No addons in our list are installed.
1613284789141	Marionette	ERROR	[4294967300] No reply from Marionette:Register
SourceActor threw an exception: [Exception... "Failed to open input source 'javascript:void(0)'"  nsresult: "0x80040111 (NS_ERROR_NOT_AVAILABLE)"  location: "JS frame :: resource://devtools/shared/DevToolsUtils.js :: mainThreadFetch/< :: line 668"  data: yes]
Stack: mainThreadFetch/<@resource://devtools/shared/DevToolsUtils.js:668:15
mainThreadFetch@resource://devtools/shared/DevToolsUtils.js:516:10
_fetchURLContents@resource://devtools/server/actors/utils/sources-manager.js:439:22
urlContents@resource://devtools/server/actors/utils/sources-manager.js:406:17
_resurrectSource@resource://devtools/server/actors/thread.js:2112:35
addAllSources@resource://devtools/server/actors/thread.js:1482:14
watch@resource://devtools/server/actors/resources/sources.js:52:17
watchResources@resource://devtools/server/actors/resources/index.js:204:19
_watchTargetResources@resource://devtools/server/actors/targets/target-actor-mixin.js:52:24
addWatcherDataEntry@resource://devtools/server/actors/targets/target-actor-mixin.js:29:21
_addWatcherDataEntry@resource://devtools/server/connectors/js-window-actor/DevToolsFrameChild.jsm:411:24
receiveMessage@resource://devtools/server/connectors/js-window-actor/DevToolsFrameChild.jsm:353:21
Line: 668, column: 0
console.error: ({})
JavaScript error: resource://devtools/shared/DevToolsUtils.js, line 668: NS_ERROR_NOT_AVAILABLE: Failed to open input source 'javascript:void(0)'
console.error: (new TypeError("parent is null", "resource://devtools/client/inspector/shared/style-change-tracker.js", 67))
TypeError: parent is null: canMutationImpactCurrentStyles@resource://devtools/client/inspector/shared/style-change-tracker.js:67:24
onMutations@resource://devtools/client/inspector/shared/style-change-tracker.js:84:41
_emit@resource://devtools/shared/event-emitter.js:226:34
emit@resource://devtools/shared/event-emitter.js:172:18
emit@resource://devtools/shared/event-emitter.js:324:18
getMutations@resource://devtools/client/fronts/walker.js:358:10

console.error: (new TypeError("container.node.targetFront is null", "resource://devtools/client/inspector/markup/markup.js", 2241))
console.error: (new TypeError("parent is null", "resource://devtools/client/inspector/shared/style-change-tracker.js", 67))
TypeError: parent is null: canMutationImpactCurrentStyles@resource://devtools/client/inspector/shared/style-change-tracker.js:67:24
onMutations@resource://devtools/client/inspector/shared/style-change-tracker.js:84:41
_emit@resource://devtools/shared/event-emitter.js:226:34
emit@resource://devtools/shared/event-emitter.js:172:18
emit@resource://devtools/shared/event-emitter.js:324:18
getMutations@resource://devtools/client/fronts/walker.js:358:10

console.error: (new TypeError("container.node.targetFront is null", "resource://devtools/client/inspector/markup/markup.js", 2241))
console.error: (new TypeError("parent is null", "resource://devtools/client/inspector/shared/style-change-tracker.js", 67))
TypeError: parent is null: canMutationImpactCurrentStyles@resource://devtools/client/inspector/shared/style-change-tracker.js:67:24
onMutations@resource://devtools/client/inspector/shared/style-change-tracker.js:84:41
_emit@resource://devtools/shared/event-emitter.js:226:34
emit@resource://devtools/shared/event-emitter.js:172:18
emit@resource://devtools/shared/event-emitter.js:324:18
getMutations@resource://devtools/client/fronts/walker.js:358:10

console.error: (new TypeError("container.node.targetFront is null", "resource://devtools/client/inspector/markup/markup.js", 2241))
console.error: (new TypeError("container.node.targetFront is null", "resource://devtools/client/inspector/markup/markup.js", 2241))
console.error: (new TypeError("container.node.targetFront is null", "resource://devtools/client/inspector/markup/markup.js", 2241))
console.error: (new TypeError("container.node.targetFront is null", "resource://devtools/client/inspector/markup/markup.js", 2241))
console.error: (new TypeError("container.node.targetFront is null", "resource://devtools/client/inspector/markup/markup.js", 2241))
JavaScript error: https://d3foky5tj4r69v.cloudfront.net/app/shell/polyfills-es2015.486fbd94ce5c1f86c571.js, line 1: NS_ERROR_NOT_INITIALIZED: 
1613289665846	Marionette	INFO	Stopped listening on port 50112

###!!! [Child][RunMessage] Error: Channel closing: too late to send/recv, messages will be lost

1613289670777	geckodriver	INFO	Listening on 127.0.0.1:50881
1613289675044	mozrunner::runner	INFO	Running command: "C:\\Program Files (x86)\\Mozilla Firefox\\firefox.exe" "--marionette" "-foreground" "-no-remote" "-profile" "C:\\Users\\attapont\\AppData\\Local\\Temp\\rust_mozprofile0EaBWj"
JavaScript error: resource://gre/modules/XULStore.jsm, line 66: Error: Can't find profile directory.
1613289678060	Marionette	INFO	Listening on port 50889
1613289678236	Marionette	WARN	TLS certificate errors will be ignored for this session
1613289678248	Marionette	ERROR	[27] No reply from Marionette:Register
1613289691208	Marionette	WARN	Ignoring event 'DOMContentLoaded' because document has an invalid readyState of 'complete'.
console.log: WebExtensions: reset-default-search: No addons in our list are installed.
1613289707699	Marionette	ERROR	[4294967300] No reply from Marionette:Register
console.error: "Error while calling actor 'pagestyle's method 'getLayout'" "node is null"
console.error: "getLayout@resource://devtools/server/actors/page-style.js:1003:5\nhandler@resource://devtools/shared/protocol/Actor.js:172:37\nonPacket@resource://devtools/server/devtools-server-connection.js:379:58\nreceiveMessage@resource://devtools/shared/transport/child-transport.js:68:16\n"
console.error: (new TypeError("parent is null", "resource://devtools/client/inspector/shared/style-change-tracker.js", 67))
TypeError: parent is null: canMutationImpactCurrentStyles@resource://devtools/client/inspector/shared/style-change-tracker.js:67:24
onMutations@resource://devtools/client/inspector/shared/style-change-tracker.js:84:41
_emit@resource://devtools/shared/event-emitter.js:226:34
emit@resource://devtools/shared/event-emitter.js:172:18
emit@resource://devtools/shared/event-emitter.js:324:18
getMutations@resource://devtools/client/fronts/walker.js:358:10

console.error: (new TypeError("container.node.targetFront is null", "resource://devtools/client/inspector/markup/markup.js", 2241))
console.error: (new Error("Protocol error (TypeError): node is null from: server0.conn0.child3/pagestyle26 (resource://devtools/server/actors/page-style.js:1003:5)", "resource://devtools/shared/protocol/Front.js", 361))
console.error: (new TypeError("parent is null", "resource://devtools/client/inspector/shared/style-change-tracker.js", 67))
TypeError: parent is null: canMutationImpactCurrentStyles@resource://devtools/client/inspector/shared/style-change-tracker.js:67:24
onMutations@resource://devtools/client/inspector/shared/style-change-tracker.js:84:41
_emit@resource://devtools/shared/event-emitter.js:226:34
emit@resource://devtools/shared/event-emitter.js:172:18
emit@resource://devtools/shared/event-emitter.js:324:18
getMutations@resource://devtools/client/fronts/walker.js:358:10

console.error: (new TypeError("container.node.targetFront is null", "resource://devtools/client/inspector/markup/markup.js", 2241))
console.error: "Error while calling actor 'pagestyle's method 'getLayout'" "node is null"
console.error: "getLayout@resource://devtools/server/actors/page-style.js:1003:5\nhandler@resource://devtools/shared/protocol/Actor.js:172:37\nonPacket@resource://devtools/server/devtools-server-connection.js:379:58\nreceiveMessage@resource://devtools/shared/transport/child-transport.js:68:16\n"
console.error: (new Error("Protocol error (TypeError): node is null from: server0.conn0.child3/pagestyle26 (resource://devtools/server/actors/page-style.js:1003:5)", "resource://devtools/shared/protocol/Front.js", 361))
console.error: "Error while calling actor 'pagestyle's method 'getLayout'" "node is null"
console.error: "getLayout@resource://devtools/server/actors/page-style.js:1003:5\nhandler@resource://devtools/shared/protocol/Actor.js:172:37\nonPacket@resource://devtools/server/devtools-server-connection.js:379:58\nreceiveMessage@resource://devtools/shared/transport/child-transport.js:68:16\n"
console.error: (new TypeError("parent is null", "resource://devtools/client/inspector/shared/style-change-tracker.js", 67))
TypeError: parent is null: canMutationImpactCurrentStyles@resource://devtools/client/inspector/shared/style-change-tracker.js:67:24
onMutations@resource://devtools/client/inspector/shared/style-change-tracker.js:84:41
_emit@resource://devtools/shared/event-emitter.js:226:34
emit@resource://devtools/shared/event-emitter.js:172:18
emit@resource://devtools/shared/event-emitter.js:324:18
getMutations@resource://devtools/client/fronts/walker.js:358:10

console.error: (new TypeError("container.node.targetFront is null", "resource://devtools/client/inspector/markup/markup.js", 2241))
console.error: (new Error("Protocol error (TypeError): node is null from: server0.conn0.child3/pagestyle26 (resource://devtools/server/actors/page-style.js:1003:5)", "resource://devtools/shared/protocol/Front.js", 361))
console.error: (new TypeError("parent is null", "resource://devtools/client/inspector/shared/style-change-tracker.js", 67))
TypeError: parent is null: canMutationImpactCurrentStyles@resource://devtools/client/inspector/shared/style-change-tracker.js:67:24
onMutations@resource://devtools/client/inspector/shared/style-change-tracker.js:84:41
_emit@resource://devtools/shared/event-emitter.js:226:34
emit@resource://devtools/shared/event-emitter.js:172:18
emit@resource://devtools/shared/event-emitter.js:324:18
getMutations@resource://devtools/client/fronts/walker.js:358:10

console.error: (new TypeError("container.node.targetFront is null", "resource://devtools/client/inspector/markup/markup.js", 2241))
console.error: (new TypeError("parent is null", "resource://devtools/client/inspector/shared/style-change-tracker.js", 67))
TypeError: parent is null: canMutationImpactCurrentStyles@resource://devtools/client/inspector/shared/style-change-tracker.js:67:24
onMutations@resource://devtools/client/inspector/shared/style-change-tracker.js:84:41
_emit@resource://devtools/shared/event-emitter.js:226:34
emit@resource://devtools/shared/event-emitter.js:172:18
emit@resource://devtools/shared/event-emitter.js:324:18
getMutations@resource://devtools/client/fronts/walker.js:358:10

console.error: (new TypeError("container.node.targetFront is null", "resource://devtools/client/inspector/markup/markup.js", 2241))
console.error: (new TypeError("parent is null", "resource://devtools/client/inspector/shared/style-change-tracker.js", 67))
TypeError: parent is null: canMutationImpactCurrentStyles@resource://devtools/client/inspector/shared/style-change-tracker.js:67:24
onMutations@resource://devtools/client/inspector/shared/style-change-tracker.js:84:41
_emit@resource://devtools/shared/event-emitter.js:226:34
emit@resource://devtools/shared/event-emitter.js:172:18
emit@resource://devtools/shared/event-emitter.js:324:18
getMutations@resource://devtools/client/fronts/walker.js:358:10

console.error: (new TypeError("container.node.targetFront is null", "resource://devtools/client/inspector/markup/markup.js", 2241))
1613308337384	Marionette	INFO	Stopped listening on port 50889

###!!! [Child][RunMessage] Error: Channel closing: too late to send/recv, messages will be lost

1613308387606	geckodriver	INFO	Listening on 127.0.0.1:56182
1613308393523	mozrunner::runner	INFO	Running command: "C:\\Program Files (x86)\\Mozilla Firefox\\firefox.exe" "--marionette" "-foreground" "-no-remote" "-profile" "C:\\Users\\attapont\\AppData\\Local\\Temp\\rust_mozprofilea2qydT"
JavaScript error: resource://gre/modules/XULStore.jsm, line 66: Error: Can't find profile directory.
1613308397067	Marionette	INFO	Listening on port 56190
1613308397247	Marionette	WARN	TLS certificate errors will be ignored for this session
1613308397259	Marionette	ERROR	[27] No reply from Marionette:Register
1613308414441	Marionette	ERROR	[39] No reply from Marionette:Register
1613308416222	Marionette	INFO	Stopped listening on port 56190

###!!! [Child][RunMessage] Error: Channel closing: too late to send/recv, messages will be lost

1613308455807	geckodriver	INFO	Listening on 127.0.0.1:56282
1613308461604	mozrunner::runner	INFO	Running command: "C:\\Program Files (x86)\\Mozilla Firefox\\firefox.exe" "--marionette" "-foreground" "-no-remote" "-profile" "C:\\Users\\attapont\\AppData\\Local\\Temp\\rust_mozprofilePiT1CJ"
JavaScript error: resource://gre/modules/XULStore.jsm, line 66: Error: Can't find profile directory.
1613308464881	Marionette	INFO	Listening on port 56291
1613308465361	Marionette	WARN	TLS certificate errors will be ignored for this session
1613308465378	Marionette	ERROR	[27] No reply from Marionette:Register
1613308486855	Marionette	INFO	Stopped listening on port 56291

###!!! [Child][RunMessage] Error: Channel closing: too late to send/recv, messages will be lost

1613308535403	geckodriver	INFO	Listening on 127.0.0.1:56378
1613308540409	mozrunner::runner	INFO	Running command: "C:\\Program Files (x86)\\Mozilla Firefox\\firefox.exe" "--marionette" "-foreground" "-no-remote" "-profile" "C:\\Users\\attapont\\AppData\\Local\\Temp\\rust_mozprofileWNmDpV"
JavaScript error: resource://gre/modules/XULStore.jsm, line 66: Error: Can't find profile directory.
1613308543545	Marionette	INFO	Listening on port 56386
1613308543616	Marionette	WARN	TLS certificate errors will be ignored for this session
1613308543630	Marionette	ERROR	[27] No reply from Marionette:Register
1613308554151	Marionette	WARN	Ignoring event 'DOMContentLoaded' because document has an invalid readyState of 'complete'.
JavaScript error: , line 0: NotFoundError: No such JSWindowActor 'MarionetteEvents'
1613308571096	Marionette	ERROR	[4294967300] No reply from Marionette:Register
console.log: WebExtensions: reset-default-search: No addons in our list are installed.
1613308831821	Marionette	INFO	Stopped listening on port 56386

###!!! [Child][RunMessage] Error: Channel closing: too late to send/recv, messages will be lost

1613308854019	geckodriver	INFO	Listening on 127.0.0.1:56489
1613308859664	mozrunner::runner	INFO	Running command: "C:\\Program Files (x86)\\Mozilla Firefox\\firefox.exe" "--marionette" "-foreground" "-no-remote" "-profile" "C:\\Users\\attapont\\AppData\\Local\\Temp\\rust_mozprofileEsKPTS"
JavaScript error: resource://gre/modules/XULStore.jsm, line 66: Error: Can't find profile directory.
1613308862602	Marionette	INFO	Listening on port 56497
1613308862940	Marionette	WARN	TLS certificate errors will be ignored for this session
1613308862963	Marionette	ERROR	[27] No reply from Marionette:Register
1613308873744	Marionette	WARN	Ignoring event 'DOMContentLoaded' because document has an invalid readyState of 'complete'.
console.log: WebExtensions: reset-default-search: No addons in our list are installed.
1613308892149	Marionette	ERROR	[4294967300] No reply from Marionette:Register
1613309172217	Marionette	INFO	Stopped listening on port 56497

###!!! [Child][RunMessage] Error: Channel closing: too late to send/recv, messages will be lost

1613309185734	geckodriver	INFO	Listening on 127.0.0.1:56605
1613309190279	mozrunner::runner	INFO	Running command: "C:\\Program Files (x86)\\Mozilla Firefox\\firefox.exe" "--marionette" "-foreground" "-no-remote" "-profile" "C:\\Users\\attapont\\AppData\\Local\\Temp\\rust_mozprofileRDHzlt"
JavaScript error: resource://gre/modules/XULStore.jsm, line 66: Error: Can't find profile directory.
1613309193224	Marionette	INFO	Listening on port 56613
1613309193464	Marionette	WARN	TLS certificate errors will be ignored for this session
1613309193487	Marionette	ERROR	[27] No reply from Marionette:Register
1613309203755	Marionette	WARN	Ignoring event 'DOMContentLoaded' because document has an invalid readyState of 'complete'.
1613309220787	Marionette	ERROR	[4294967300] No reply from Marionette:Register
console.log: WebExtensions: reset-default-search: No addons in our list are installed.
1613309306824	Marionette	INFO	Stopped listening on port 56613

###!!! [Child][RunMessage] Error: Channel closing: too late to send/recv, messages will be lost

1613309346137	geckodriver	INFO	Listening on 127.0.0.1:56715
1613309351902	mozrunner::runner	INFO	Running command: "C:\\Program Files (x86)\\Mozilla Firefox\\firefox.exe" "--marionette" "-foreground" "-no-remote" "-profile" "C:\\Users\\attapont\\AppData\\Local\\Temp\\rust_mozprofilebeeShx"
JavaScript error: resource://gre/modules/XULStore.jsm, line 66: Error: Can't find profile directory.
1613309355301	Marionette	INFO	Listening on port 56723
1613309355629	Marionette	WARN	TLS certificate errors will be ignored for this session
1613309355663	Marionette	ERROR	[27] No reply from Marionette:Register
1613309375713	Marionette	INFO	Stopped listening on port 56723

###!!! [Child][RunMessage] Error: Channel closing: too late to send/recv, messages will be lost

1613309433468	geckodriver	INFO	Listening on 127.0.0.1:56807
1613309437738	mozrunner::runner	INFO	Running command: "C:\\Program Files (x86)\\Mozilla Firefox\\firefox.exe" "--marionette" "-foreground" "-no-remote" "-profile" "C:\\Users\\attapont\\AppData\\Local\\Temp\\rust_mozprofile5jmeOE"
JavaScript error: resource://gre/modules/XULStore.jsm, line 66: Error: Can't find profile directory.
1613309441046	Marionette	INFO	Listening on port 56815
1613309441440	Marionette	WARN	TLS certificate errors will be ignored for this session
1613309441476	Marionette	ERROR	[27] No reply from Marionette:Register
1613309459426	Marionette	INFO	Stopped listening on port 56815

###!!! [Child][RunMessage] Error: Channel closing: too late to send/recv, messages will be lost

1613309542452	geckodriver	INFO	Listening on 127.0.0.1:56907
1613309548190	mozrunner::runner	INFO	Running command: "C:\\Program Files (x86)\\Mozilla Firefox\\firefox.exe" "--marionette" "-foreground" "-no-remote" "-profile" "C:\\Users\\attapont\\AppData\\Local\\Temp\\rust_mozprofileqOAXqQ"
JavaScript error: resource://gre/modules/XULStore.jsm, line 66: Error: Can't find profile directory.
1613309551374	Marionette	INFO	Listening on port 56915
1613309551896	Marionette	WARN	TLS certificate errors will be ignored for this session
1613309551919	Marionette	ERROR	[27] No reply from Marionette:Register
1613309568486	Marionette	INFO	Stopped listening on port 56915
1613309589446	geckodriver	INFO	Listening on 127.0.0.1:56991
1613309595088	mozrunner::runner	INFO	Running command: "C:\\Program Files (x86)\\Mozilla Firefox\\firefox.exe" "--marionette" "-foreground" "-no-remote" "-profile" "C:\\Users\\attapont\\AppData\\Local\\Temp\\rust_mozprofilelfy1zL"
JavaScript error: resource://gre/modules/XULStore.jsm, line 66: Error: Can't find profile directory.
1613309598313	Marionette	INFO	Listening on port 57000
1613309598826	Marionette	WARN	TLS certificate errors will be ignored for this session
1613309598851	Marionette	ERROR	[27] No reply from Marionette:Register
1613309610222	Marionette	WARN	Ignoring event 'DOMContentLoaded' because document has an invalid readyState of 'complete'.
1613309627209	Marionette	ERROR	[4294967300] No reply from Marionette:Register
console.log: WebExtensions: reset-default-search: No addons in our list are installed.
1613309722247	Marionette	INFO	Stopped listening on port 57000

###!!! [Child][RunMessage] Error: Channel closing: too late to send/recv, messages will be lost

1613309879020	geckodriver	INFO	Listening on 127.0.0.1:57167
1613309884938	mozrunner::runner	INFO	Running command: "C:\\Program Files (x86)\\Mozilla Firefox\\firefox.exe" "--marionette" "-foreground" "-no-remote" "-profile" "C:\\Users\\attapont\\AppData\\Local\\Temp\\rust_mozprofile6JijeH"
JavaScript error: resource://gre/modules/XULStore.jsm, line 66: Error: Can't find profile directory.
1613309888297	Marionette	INFO	Listening on port 57176
1613309888670	Marionette	WARN	TLS certificate errors will be ignored for this session
1613309888692	Marionette	ERROR	[27] No reply from Marionette:Register
1613309903441	Marionette	WARN	Ignoring event 'DOMContentLoaded' because document has an invalid readyState of 'complete'.
console.log: WebExtensions: reset-default-search: No addons in our list are installed.
1613309922165	Marionette	ERROR	[4294967300] No reply from Marionette:Register
1613310120470	Marionette	INFO	Stopped listening on port 57176

###!!! [Child][RunMessage] Error: Channel closing: too late to send/recv, messages will be lost

1613310128475	geckodriver	INFO	Listening on 127.0.0.1:57291
1613310134360	mozrunner::runner	INFO	Running command: "C:\\Program Files (x86)\\Mozilla Firefox\\firefox.exe" "--marionette" "-foreground" "-no-remote" "-profile" "C:\\Users\\attapont\\AppData\\Local\\Temp\\rust_mozprofilelo93Qb"
JavaScript error: resource://gre/modules/XULStore.jsm, line 66: Error: Can't find profile directory.
1613310137995	Marionette	INFO	Listening on port 57299
1613310138068	Marionette	WARN	TLS certificate errors will be ignored for this session
1613310138085	Marionette	ERROR	[27] No reply from Marionette:Register
1613310149735	Marionette	WARN	Ignoring event 'DOMContentLoaded' because document has an invalid readyState of 'complete'.
JavaScript error: resource:///actors/ContentMetaChild.jsm, line 179: InvalidStateError: JSWindowActorChild.sendAsyncMessage: JSWindowActorChild cannot send at the moment
console.log: WebExtensions: reset-default-search: No addons in our list are installed.
1613310169469	Marionette	ERROR	[4294967300] No reply from Marionette:Register
SourceActor threw an exception: [Exception... "Failed to open input source 'javascript:void(0)'"  nsresult: "0x80040111 (NS_ERROR_NOT_AVAILABLE)"  location: "JS frame :: resource://devtools/shared/DevToolsUtils.js :: mainThreadFetch/< :: line 668"  data: yes]
Stack: mainThreadFetch/<@resource://devtools/shared/DevToolsUtils.js:668:15
mainThreadFetch@resource://devtools/shared/DevToolsUtils.js:516:10
_fetchURLContents@resource://devtools/server/actors/utils/sources-manager.js:439:22
urlContents@resource://devtools/server/actors/utils/sources-manager.js:406:17
_resurrectSource@resource://devtools/server/actors/thread.js:2112:35
addAllSources@resource://devtools/server/actors/thread.js:1482:14
watch@resource://devtools/server/actors/resources/sources.js:52:17
watchResources@resource://devtools/server/actors/resources/index.js:204:19
_watchTargetResources@resource://devtools/server/actors/targets/target-actor-mixin.js:52:24
addWatcherDataEntry@resource://devtools/server/actors/targets/target-actor-mixin.js:29:21
_addWatcherDataEntry@resource://devtools/server/connectors/js-window-actor/DevToolsFrameChild.jsm:411:24
receiveMessage@resource://devtools/server/connectors/js-window-actor/DevToolsFrameChild.jsm:353:21
Line: 668, column: 0
console.error: ({})
JavaScript error: resource://devtools/shared/DevToolsUtils.js, line 668: NS_ERROR_NOT_AVAILABLE: Failed to open input source 'javascript:void(0)'
1613310316459	Marionette	INFO	Stopped listening on port 57299

###!!! [Child][RunMessage] Error: Channel closing: too late to send/recv, messages will be lost

1613310321870	geckodriver	INFO	Listening on 127.0.0.1:57398
1613310326267	mozrunner::runner	INFO	Running command: "C:\\Program Files (x86)\\Mozilla Firefox\\firefox.exe" "--marionette" "-foreground" "-no-remote" "-profile" "C:\\Users\\attapont\\AppData\\Local\\Temp\\rust_mozprofile6cubh7"
JavaScript error: resource://gre/modules/XULStore.jsm, line 66: Error: Can't find profile directory.
1613310329064	Marionette	INFO	Listening on port 57406
1613310329443	Marionette	WARN	TLS certificate errors will be ignored for this session
1613310329460	Marionette	ERROR	[27] No reply from Marionette:Register
1613310340870	Marionette	WARN	Ignoring event 'DOMContentLoaded' because document has an invalid readyState of 'complete'.
console.log: WebExtensions: reset-default-search: No addons in our list are installed.
1613310358594	Marionette	ERROR	[4294967300] No reply from Marionette:Register
JavaScript error: https://d3foky5tj4r69v.cloudfront.net/app/shell/polyfills-es2015.486fbd94ce5c1f86c571.js, line 1: NS_ERROR_NOT_INITIALIZED: 
1613313319407	Marionette	INFO	Stopped listening on port 57406

###!!! [Child][RunMessage] Error: Channel closing: too late to send/recv, messages will be lost

1613313393497	geckodriver	INFO	Listening on 127.0.0.1:57764
1613313399454	mozrunner::runner	INFO	Running command: "C:\\Program Files (x86)\\Mozilla Firefox\\firefox.exe" "--marionette" "-foreground" "-no-remote" "-profile" "C:\\Users\\attapont\\AppData\\Local\\Temp\\rust_mozprofileVRK4fd"
JavaScript error: resource://gre/modules/XULStore.jsm, line 66: Error: Can't find profile directory.
1613313402858	Marionette	INFO	Listening on port 57772
1613313403181	Marionette	WARN	TLS certificate errors will be ignored for this session
1613313403199	Marionette	ERROR	[27] No reply from Marionette:Register
1613313422458	Marionette	WARN	Ignoring event 'DOMContentLoaded' because document has an invalid readyState of 'complete'.
1613313424450	Marionette	WARN	Ignoring event 'DOMContentLoaded' because document has an invalid readyState of 'complete'.
JavaScript error: , line 0: NotFoundError: No such JSWindowActor 'MarionetteEvents'
console.log: WebExtensions: reset-default-search: No addons in our list are installed.
1613313442056	Marionette	ERROR	[4294967300] No reply from Marionette:Register
1613313458216	Marionette	INFO	Stopped listening on port 57772

###!!! [Child][RunMessage] Error: Channel closing: too late to send/recv, messages will be lost

1613313465278	geckodriver	INFO	Listening on 127.0.0.1:57873
1613313471008	mozrunner::runner	INFO	Running command: "C:\\Program Files (x86)\\Mozilla Firefox\\firefox.exe" "--marionette" "-foreground" "-no-remote" "-profile" "C:\\Users\\attapont\\AppData\\Local\\Temp\\rust_mozprofileGDAiSL"
JavaScript error: resource://gre/modules/XULStore.jsm, line 66: Error: Can't find profile directory.
1613313474425	Marionette	INFO	Listening on port 57881
1613313474719	Marionette	WARN	TLS certificate errors will be ignored for this session
1613313474736	Marionette	ERROR	[27] No reply from Marionette:Register
1613313499447	Marionette	INFO	Stopped listening on port 57881

###!!! [Child][RunMessage] Error: Channel closing: too late to send/recv, messages will be lost

1613313681462	geckodriver	INFO	Listening on 127.0.0.1:58300
1613313685869	mozrunner::runner	INFO	Running command: "C:\\Program Files (x86)\\Mozilla Firefox\\firefox.exe" "--marionette" "-foreground" "-no-remote" "-profile" "C:\\Users\\attapont\\AppData\\Local\\Temp\\rust_mozprofileQdIfJ1"
JavaScript error: resource://gre/modules/XULStore.jsm, line 66: Error: Can't find profile directory.
1613313688843	Marionette	INFO	Listening on port 58308
1613313689071	Marionette	WARN	TLS certificate errors will be ignored for this session
1613313689093	Marionette	ERROR	[27] No reply from Marionette:Register
1613313700808	Marionette	WARN	Ignoring event 'DOMContentLoaded' because document has an invalid readyState of 'complete'.
1613313717395	Marionette	ERROR	[4294967300] No reply from Marionette:Register
console.log: WebExtensions: reset-default-search: No addons in our list are installed.
SourceActor threw an exception: [Exception... "Failed to open input source 'javascript:void(0)'"  nsresult: "0x80040111 (NS_ERROR_NOT_AVAILABLE)"  location: "JS frame :: resource://devtools/shared/DevToolsUtils.js :: mainThreadFetch/< :: line 668"  data: yes]
Stack: mainThreadFetch/<@resource://devtools/shared/DevToolsUtils.js:668:15
mainThreadFetch@resource://devtools/shared/DevToolsUtils.js:516:10
_fetchURLContents@resource://devtools/server/actors/utils/sources-manager.js:439:22
urlContents@resource://devtools/server/actors/utils/sources-manager.js:406:17
_resurrectSource@resource://devtools/server/actors/thread.js:2112:35
addAllSources@resource://devtools/server/actors/thread.js:1482:14
watch@resource://devtools/server/actors/resources/sources.js:52:17
watchResources@resource://devtools/server/actors/resources/index.js:204:19
_watchTargetResources@resource://devtools/server/actors/targets/target-actor-mixin.js:52:24
addWatcherDataEntry@resource://devtools/server/actors/targets/target-actor-mixin.js:29:21
_addWatcherDataEntry@resource://devtools/server/connectors/js-window-actor/DevToolsFrameChild.jsm:411:24
receiveMessage@resource://devtools/server/connectors/js-window-actor/DevToolsFrameChild.jsm:353:21
Line: 668, column: 0
console.error: ({})
JavaScript error: resource://devtools/shared/DevToolsUtils.js, line 668: NS_ERROR_NOT_AVAILABLE: Failed to open input source 'javascript:void(0)'
console.warn: LoginRecipes: "getRecipes: falling back to a synchronous message for:" "https://eservice.schenker-ap.com"
1613314544372	Marionette	INFO	Stopped listening on port 58308
1613393702947	geckodriver	INFO	Listening on 127.0.0.1:65213
1613393709044	mozrunner::runner	INFO	Running command: "C:\\Program Files (x86)\\Mozilla Firefox\\firefox.exe" "--marionette" "-foreground" "-no-remote" "-profile" "C:\\Users\\attapont\\AppData\\Local\\Temp\\rust_mozprofileAVlI3V"
JavaScript error: resource://gre/modules/XULStore.jsm, line 66: Error: Can't find profile directory.
1613393712254	Marionette	INFO	Listening on port 65222
1613393712737	Marionette	WARN	TLS certificate errors will be ignored for this session
1613393712747	Marionette	ERROR	[27] No reply from Marionette:Register
JavaScript error: https://d3foky5tj4r69v.cloudfront.net/app/shell/polyfills-es2015.486fbd94ce5c1f86c571.js, line 1: SecurityError: Permission to call 'setInterval' denied.
1613393723010	Marionette	WARN	Ignoring event 'DOMContentLoaded' because document has an invalid readyState of 'complete'.
1613393724794	Marionette	WARN	Ignoring event 'DOMContentLoaded' because document has an invalid readyState of 'complete'.
console.log: WebExtensions: reset-default-search: No addons in our list are installed.
1613393741170	Marionette	ERROR	[4294967300] No reply from Marionette:Register
SourceActor threw an exception: [Exception... "Failed to open input source 'javascript:void(0)'"  nsresult: "0x80040111 (NS_ERROR_NOT_AVAILABLE)"  location: "JS frame :: resource://devtools/shared/DevToolsUtils.js :: mainThreadFetch/< :: line 668"  data: yes]
Stack: mainThreadFetch/<@resource://devtools/shared/DevToolsUtils.js:668:15
mainThreadFetch@resource://devtools/shared/DevToolsUtils.js:516:10
_fetchURLContents@resource://devtools/server/actors/utils/sources-manager.js:439:22
urlContents@resource://devtools/server/actors/utils/sources-manager.js:406:17
_resurrectSource@resource://devtools/server/actors/thread.js:2112:35
addAllSources@resource://devtools/server/actors/thread.js:1482:14
watch@resource://devtools/server/actors/resources/sources.js:52:17
watchResources@resource://devtools/server/actors/resources/index.js:204:19
_watchTargetResources@resource://devtools/server/actors/targets/target-actor-mixin.js:52:24
addWatcherDataEntry@resource://devtools/server/actors/targets/target-actor-mixin.js:29:21
_addWatcherDataEntry@resource://devtools/server/connectors/js-window-actor/DevToolsFrameChild.jsm:411:24
receiveMessage@resource://devtools/server/connectors/js-window-actor/DevToolsFrameChild.jsm:353:21
Line: 668, column: 0
console.error: ({})
JavaScript error: resource://devtools/shared/DevToolsUtils.js, line 668: NS_ERROR_NOT_AVAILABLE: Failed to open input source 'javascript:void(0)'
console.warn: "Async method failed in safeAsyncMethod" (new Error("Connection closed, pending request to server0.conn0.child3/domwalker25, type cancelPick failed\n\nRequest stack:\nrequest@resource://devtools/shared/protocol/Front.js:288:14\ngenerateRequestMethods/</frontProto[name]@resource://devtools/shared/protocol/Front/FrontClassWithSpec.js:46:19\ncancelPick@resource://devtools/client/fronts/walker.js:546:18\nexports.safeAsyncMethod/<@resource://devtools/shared/async-utils.js:57:25\n_onInspectorFrontDestroyed@resource://devtools/client/inspector/node-picker.js:112:18\n_emit@resource://devtools/shared/event-emitter.js:226:34\nemit@resource://devtools/shared/event-emitter.js:172:18\nemit@resource://devtools/shared/event-emitter.js:324:18\nunmanage@resource://devtools/shared/protocol/Front.js:168:37\ndestroy@resource://devtools/shared/protocol/Pool.js:167:14\nbaseFrontClassDestroy@resource://devtools/shared/protocol/Front.js:103:13\ndestroy@resource://devtools/shared/protocol/Front.js:67:10\ndestroy@resource://devtools/client/fronts/inspector.js:91:11\n_destroyTarget@resource://devtools/client/fronts/targets/target-mixin.js:603:17\n", "resource://devtools/shared/protocol/Front.js", 99))
1613394486909	Marionette	INFO	Stopped listening on port 65222

###!!! [Child][RunMessage] Error: Channel closing: too late to send/recv, messages will be lost

1613394509339	geckodriver	INFO	Listening on 127.0.0.1:65437
1613394513684	mozrunner::runner	INFO	Running command: "C:\\Program Files (x86)\\Mozilla Firefox\\firefox.exe" "--marionette" "-foreground" "-no-remote" "-profile" "C:\\Users\\attapont\\AppData\\Local\\Temp\\rust_mozprofilebeKTJb"
JavaScript error: resource://gre/modules/XULStore.jsm, line 66: Error: Can't find profile directory.
1613394517147	Marionette	INFO	Listening on port 65445
1613394517393	Marionette	WARN	TLS certificate errors will be ignored for this session
1613394517405	Marionette	ERROR	[27] No reply from Marionette:Register
1613394528252	Marionette	WARN	Ignoring event 'DOMContentLoaded' because document has an invalid readyState of 'complete'.
1613394528594	Marionette	WARN	Ignoring event 'DOMContentLoaded' because document has an invalid readyState of 'complete'.
1613394544824	Marionette	ERROR	[4294967300] No reply from Marionette:Register
console.log: WebExtensions: reset-default-search: No addons in our list are installed.
1613394618159	Marionette	INFO	Stopped listening on port 6544161
###!!! [Child][RunMessage] Error: Channel closing: too late to send/recv, messages will be lost

.exe" "--marionette" "-foreground" "-no-remote" "-profile" "C:\\Users\\attapont\\AppData\\Local\\Temp\\rust_mozprofilev5LqGV"
JavaScript error: resource://gre/modules/XULStore.jsm, line 66: Error: Can't find profile directory.
1613394621060	Marionette	INFO	Listening on port 49184
1613394621494	Marionette	WARN	TLS certificate errors will be ignored for this session
1613394621526	Marionette	ERROR	[27] No reply from Marionette:Register
JavaScript error: https://d3foky5tj4r69v.cloudfront.net/app/shell/polyfills-es2015.486fbd94ce5c1f86c571.js, line 1: SecurityError: Permission to call 'setInterval' denied.
JavaScript error: https://d3foky5tj4r69v.cloudfront.net/app/shell/polyfills-es2015.486fbd94ce5c1f86c571.js, line 1: SecurityError: Permission to call 'setInterval' denied.
1613394633475	Marionette	WARN	Ignoring event 'DOMContentLoaded' because document has an invalid readyState of 'complete'.
1613394635042	Marionette	WARN	Ignoring event 'DOMContentLoaded' because document has an invalid readyState of 'complete'.
console.log: WebExtensions: reset-default-search: No addons in our list are installed.
1613394651235	Marionette	ERROR	[4294967300] No reply from Marionette:Register
SourceActor threw an exception: [Exception... "Failed to open input source 'javascript:void(0)'"  nsresult: "0x80040111 (NS_ERROR_NOT_AVAILABLE)"  location: "JS frame :: resource://devtools/shared/DevToolsUtils.js :: mainThreadFetch/< :: line 668"  data: yes]
Stack: mainThreadFetch/<@resource://devtools/shared/DevToolsUtils.js:668:15
mainThreadFetch@resource://devtools/shared/DevToolsUtils.js:516:10
_fetchURLContents@resource://devtools/server/actors/utils/sources-manager.js:439:22
urlContents@resource://devtools/server/actors/utils/sources-manager.js:406:17
_resurrectSource@resource://devtools/server/actors/thread.js:2112:35
addAllSources@resource://devtools/server/actors/thread.js:1482:14
watch@resource://devtools/server/actors/resources/sources.js:52:17
watchResources@resource://devtools/server/actors/resources/index.js:204:19
_watchTargetResources@resource://devtools/server/actors/targets/target-actor-mixin.js:52:24
addWatcherDataEntry@resource://devtools/server/actors/targets/target-actor-mixin.js:29:21
_addWatcherDataEntry@resource://devtools/server/connectors/js-window-actor/DevToolsFrameChild.jsm:411:24
receiveMessage@resource://devtools/server/connectors/js-window-actor/DevToolsFrameChild.jsm:353:21
Line: 668, column: 0
console.error: ({})
JavaScript error: resource://devtools/shared/DevToolsUtils.js, line 668: NS_ERROR_NOT_AVAILABLE: Failed to open input source 'javascript:void(0)'
console.error: (new TypeError("parent is null", "resource://devtools/client/inspector/shared/style-change-tracker.js", 67))
TypeError: parent is null: canMutationImpactCurrentStyles@resource://devtools/client/inspector/shared/style-change-tracker.js:67:24
onMutations@resource://devtools/client/inspector/shared/style-change-tracker.js:84:41
_emit@resource://devtools/shared/event-emitter.js:226:34
emit@resource://devtools/shared/event-emitter.js:172:18
emit@resource://devtools/shared/event-emitter.js:324:18
getMutations@resource://devtools/client/fronts/walker.js:358:10

console.error: (new TypeError("container.node.targetFront is null", "resource://devtools/client/inspector/markup/markup.js", 2241))
JavaScript error: resource://devtools/shared/protocol/Front.js, line 99: Error: Connection closed, pending request to server0.conn0.child3/domnode555, type setNodeValue failed

Request stack:
request@resource://devtools/shared/protocol/Front.js:288:14
generateRequestMethods/</frontProto[name]@resource://devtools/shared/protocol/Front/FrontClassWithSpec.js:46:19
showTextEditor/done/</<@resource://devtools/client/inspector/markup/views/text-editor.js:101:25
do@resource://devtools/client/shared/undo.js:70:16
endBatch@resource://devtools/client/shared/undo.js:81:11
do@resource://devtools/client/shared/undo.js:93:10
showTextEditor/done/<@resource://devtools/client/inspector/markup/views/text-editor.js:99:31
process@resource://gre/modules/Promise-backend.js:961:38
walkerLoop@resource://gre/modules/Promise-backend.js:845:29
Promise*scheduleWalkerLoop@resource://gre/modules/Promise-backend.js:775:19
schedulePromise@resource://gre/modules/Promise-backend.js:809:12
completePromise@resource://gre/modules/Promise-backend.js:741:12

1613395003776	Marionette	INFO	Stopped listening on port 49184
1613395006303	geckodriver	INFO	Listening on 127.0.0.1:49314
1613395010568	mozrunner::runner	INFO	Running command: "C:\\Program Files (x86)\\Mozilla Firefox\\firefox.exe" "--marionette" "-foreground" "-no-remote" "-profile" "C:\\Users\\attapont\\AppData\\Local\\Temp\\rust_mozprofileteDZx8"
JavaScript error: resource://gre/modules/XULStore.jsm, line 66: Error: Can't find profile directory.
1613395013323	Marionette	INFO	Listening on port 49322
1613395013722	Marionette	WARN	TLS certificate errors will be ignored for this session
1613395013733	Marionette	ERROR	[27] No reply from Marionette:Register
JavaScript error: https://d3foky5tj4r69v.cloudfront.net/app/shell/polyfills-es2015.486fbd94ce5c1f86c571.js, line 1: SecurityError: Permission to call 'setInterval' denied.
1613395025388	Marionette	WARN	Ignoring event 'DOMContentLoaded' because document has an invalid readyState of 'complete'.
1613395025405	Marionette	WARN	Ignoring event 'DOMContentLoaded' because document has an invalid readyState of 'complete'.
console.log: WebExtensions: reset-default-search: No addons in our list are installed.
1613395042079	Marionette	ERROR	[4294967300] No reply from Marionette:Register
1613395319735	Marionette	INFO	Stopped listening on port 49322

###!!! [Child][RunMessage] Error: Channel closing: too late to send/recv, messages will be lost

.exe" "--marionette" "-foreground" "-no-remote" "-profile" "C:\\Users\\attapont\\AppData\\Local\\Temp\\rust_mozprofileX6kHpa"
JavaScript error: resource://gre/modules/XULStore.jsm, line 66: Error: Can't find profile directory.
1613395301755	Marionette	INFO	Listening on port 49492
1613395302277	Marionette	WARN	TLS certificate errors will be ignored for this session
1613395302288	Marionette	ERROR	[27] No reply from Marionette:Register
1613395313312	Marionette	WARN	Ignoring event 'DOMContentLoaded' because document has an invalid readyState of 'complete'.
1613395314452	Marionette	WARN	Ignoring event 'DOMContentLoaded' because document has an invalid readyState of 'complete'.
console.log: WebExtensions: reset-default-search: No addons in our list are installed.
1613395330625	Marionette	ERROR	[4294967300] No reply from Marionette:Register
1613395457150	Marionette	INFO	Stopped listening on port 49492

###!!! [Child][RunMessage] Error: Channel closing: too late to send/recv, messages will be lost

1613395802046	geckodriver	INFO	Listening on 127.0.0.1:49674
1613395806342	mozrunner::runner	INFO	Running command: "C:\\Program Files (x86)\\Mozilla Firefox\\firefox.exe" "--marionette" "-foreground" "-no-remote" "-profile" "C:\\Users\\attapont\\AppData\\Local\\Temp\\rust_mozprofileRmhoB6"
JavaScript error: resource://gre/modules/XULStore.jsm, line 66: Error: Can't find profile directory.
1613395808972	Marionette	INFO	Listening on port 49683
1613395809038	Marionette	WARN	TLS certificate errors will be ignored for this session
1613395809055	Marionette	ERROR	[27] No reply from Marionette:Register
1613395819503	Marionette	WARN	Ignoring event 'DOMContentLoaded' because document has an invalid readyState of 'complete'.
1613395819682	Marionette	WARN	Ignoring event 'DOMContentLoaded' because document has an invalid readyState of 'complete'.
1613395835880	Marionette	ERROR	[4294967300] No reply from Marionette:Register
console.log: WebExtensions: reset-default-search: No addons in our list are installed.
1613397612970	Marionette	INFO	Stopped listening on port 49683

###!!! [Child][RunMessage] Error: Channel closing: too late to send/recv, messages will be lost

.exe" "--marionette" "-foreground" "-no-remote" "-profile" "C:\\Users\\attapont\\AppData\\Local\\Temp\\rust_mozprofilewhiVtR"
JavaScript error: resource://gre/modules/XULStore.jsm, line 66: Error: Can't find profile directory.
1613397268081	Marionette	INFO	Listening on port 50738
1613397268451	Marionette	WARN	TLS certificate errors will be ignored for this session
1613397268475	Marionette	ERROR	[27] No reply from Marionette:Register
JavaScript error: https://d3foky5tj4r69v.cloudfront.net/app/shell/polyfills-es2015.486fbd94ce5c1f86c571.js, line 1: SecurityError: Permission to call 'setInterval' denied.
1613397279503	Marionette	WARN	Ignoring event 'DOMContentLoaded' because document has an invalid readyState of 'complete'.
1613397280967	Marionette	WARN	Ignoring event 'DOMContentLoaded' because document has an invalid readyState of 'complete'.
console.log: WebExtensions: reset-default-search: No addons in our list are installed.
1613397297293	Marionette	ERROR	[4294967300] No reply from Marionette:Register
1613397322687	Marionette	INFO	Stopped listening on port 50738

###!!! [Child][RunMessage] Error: Channel closing: too late to send/recv, messages will be lost

1613397330862	geckodriver	INFO	Listening on 127.0.0.1:50863
1613397335307	mozrunner::runner	INFO	Running command: "C:\\Program Files (x86)\\Mozilla Firefox\\firefox.exe" "--marionette" "-foreground" "-no-remote" "-profile" "C:\\Users\\attapont\\AppData\\Local\\Temp\\rust_mozprofilejzuNPB"
JavaScript error: resource://gre/modules/XULStore.jsm, line 66: Error: Can't find profile directory.
1613397338296	Marionette	INFO	Listening on port 50874
1613397338484	Marionette	WARN	TLS certificate errors will be ignored for this session
1613397338498	Marionette	ERROR	[27] No reply from Marionette:Register
1613397350015	Marionette	WARN	Ignoring event 'DOMContentLoaded' because document has an invalid readyState of 'complete'.
console.log: WebExtensions: reset-default-search: No addons in our list are installed.
1613397367363	Marionette	ERROR	[4294967300] No reply from Marionette:Register
1613397392439	Marionette	INFO	Stopped listening on port 50874

###!!! [Child][RunMessage] Error: Channel closing: too late to send/recv, messages will be lost

1613456323443	geckodriver	INFO	Listening on 127.0.0.1:51558
1613456327635	mozrunner::runner	INFO	Running command: "C:\\Program Files (x86)\\Mozilla Firefox\\firefox.exe" "--marionette" "-foreground" "-no-remote" "-profile" "C:\\Users\\attapont\\AppData\\Local\\Temp\\rust_mozprofileW4t54Y"
JavaScript error: resource://gre/modules/XULStore.jsm, line 66: Error: Can't find profile directory.
1613456330678	Marionette	INFO	Listening on port 51566
1613456330826	Marionette	WARN	TLS certificate errors will be ignored for this session
1613456330841	Marionette	ERROR	[27] No reply from Marionette:Register
1613456345518	Marionette	WARN	Ignoring event 'DOMContentLoaded' because document has an invalid readyState of 'complete'.
console.log: WebExtensions: reset-default-search: No addons in our list are installed.
1613456364038	Marionette	ERROR	[4294967300] No reply from Marionette:Register
1613456527812	Marionette	INFO	Stopped listening on port 51566

###!!! [Child][RunMessage] Error: Channel closing: too late to send/recv, messages will be lost

1613456531751	geckodriver	INFO	Listening on 127.0.0.1:51706
1613456535968	mozrunner::runner	INFO	Running command: "C:\\Program Files (x86)\\Mozilla Firefox\\firefox.exe" "--marionette" "-foreground" "-no-remote" "-profile" "C:\\Users\\attapont\\AppData\\Local\\Temp\\rust_mozprofile9vKVgF"
JavaScript error: resource://gre/modules/XULStore.jsm, line 66: Error: Can't find profile directory.
1613456538351	Marionette	INFO	Listening on port 51714
1613456538636	Marionette	WARN	TLS certificate errors will be ignored for this session
1613456538647	Marionette	ERROR	[27] No reply from Marionette:Register
1613456550386	Marionette	WARN	Ignoring event 'DOMContentLoaded' because document has an invalid readyState of 'complete'.
1613456567311	Marionette	ERROR	[4294967300] No reply from Marionette:Register
console.log: WebExtensions: reset-default-search: No addons in our list are installed.
1613457005295	Marionette	INFO	Stopped listening on port 51714

###!!! [Child][RunMessage] Error: Channel closing: too late to send/recv, messages will be lost

.exe" "--marionette" "-foreground" "-no-remote" "-profile" "C:\\Users\\attapont\\AppData\\Local\\Temp\\rust_mozprofile7VPI0d"
JavaScript error: resource://gre/modules/XULStore.jsm, line 66: Error: Can't find profile directory.
1613456646278	Marionette	INFO	Listening on port 51817
1613456646386	Marionette	WARN	TLS certificate errors will be ignored for this session
1613456646396	Marionette	ERROR	[27] No reply from Marionette:Register
1613456660928	Marionette	WARN	Ignoring event 'DOMContentLoaded' because document has an invalid readyState of 'complete'.
console.log: WebExtensions: reset-default-search: No addons in our list are installed.
1613456677814	Marionette	ERROR	[4294967300] No reply from Marionette:Register
JavaScript error: https://d3foky5tj4r69v.cloudfront.net/app/shell/polyfills-es2015.486fbd94ce5c1f86c571.js, line 1: SecurityError: Permission to call 'setInterval' denied.
1613457007171	Marionette	INFO	Stopped listening on port 51817

###!!! [Child][RunMessage] Error: Channel closing: too late to send/recv, messages will be lost

1613457067287	geckodriver	INFO	Listening on 127.0.0.1:52005
1613457071534	mozrunner::runner	INFO	Running command: "C:\\Program Files (x86)\\Mozilla Firefox\\firefox.exe" "--marionette" "-foreground" "-no-remote" "-profile" "C:\\Users\\attapont\\AppData\\Local\\Temp\\rust_mozprofile1g35EE"
JavaScript error: resource://gre/modules/XULStore.jsm, line 66: Error: Can't find profile directory.
1613457073944	Marionette	INFO	Listening on port 52013
1613457074193	Marionette	WARN	TLS certificate errors will be ignored for this session
1613457074204	Marionette	ERROR	[27] No reply from Marionette:Register
1613457086060	Marionette	WARN	Ignoring event 'DOMContentLoaded' because document has an invalid readyState of 'complete'.
1613457102416	Marionette	ERROR	[4294967300] No reply from Marionette:Register
console.log: WebExtensions: reset-default-search: No addons in our list are installed.
SourceActor threw an exception: [Exception... "Failed to open input source 'javascript:void(0)'"  nsresult: "0x80040111 (NS_ERROR_NOT_AVAILABLE)"  location: "JS frame :: resource://devtools/shared/DevToolsUtils.js :: mainThreadFetch/< :: line 668"  data: yes]
Stack: mainThreadFetch/<@resource://devtools/shared/DevToolsUtils.js:668:15
mainThreadFetch@resource://devtools/shared/DevToolsUtils.js:516:10
_fetchURLContents@resource://devtools/server/actors/utils/sources-manager.js:439:22
urlContents@resource://devtools/server/actors/utils/sources-manager.js:406:17
_resurrectSource@resource://devtools/server/actors/thread.js:2112:35
addAllSources@resource://devtools/server/actors/thread.js:1482:14
watch@resource://devtools/server/actors/resources/sources.js:52:17
watchResources@resource://devtools/server/actors/resources/index.js:204:19
_watchTargetResources@resource://devtools/server/actors/targets/target-actor-mixin.js:52:24
addWatcherDataEntry@resource://devtools/server/actors/targets/target-actor-mixin.js:29:21
_addWatcherDataEntry@resource://devtools/server/connectors/js-window-actor/DevToolsFrameChild.jsm:411:24
receiveMessage@resource://devtools/server/connectors/js-window-actor/DevToolsFrameChild.jsm:353:21
Line: 668, column: 0
console.error: ({})
JavaScript error: resource://devtools/shared/DevToolsUtils.js, line 668: NS_ERROR_NOT_AVAILABLE: Failed to open input source 'javascript:void(0)'
console.error: "Error while calling actor 'pagestyle's method 'getLayout'" "node is null"
console.error: "getLayout@resource://devtools/server/actors/page-style.js:1003:5\nhandler@resource://devtools/shared/protocol/Actor.js:172:37\nonPacket@resource://devtools/server/devtools-server-connection.js:379:58\nreceiveMessage@resource://devtools/shared/transport/child-transport.js:68:16\n"
console.error: (new TypeError("parent is null", "resource://devtools/client/inspector/shared/style-change-tracker.js", 67))
TypeError: parent is null: canMutationImpactCurrentStyles@resource://devtools/client/inspector/shared/style-change-tracker.js:67:24
onMutations@resource://devtools/client/inspector/shared/style-change-tracker.js:84:41
_emit@resource://devtools/shared/event-emitter.js:226:34
emit@resource://devtools/shared/event-emitter.js:172:18
emit@resource://devtools/shared/event-emitter.js:324:18
getMutations@resource://devtools/client/fronts/walker.js:358:10

console.error: (new TypeError("nodeFront.walkerFront is null", "resource://devtools/client/inspector/markup/markup.js", 888))
TypeError: nodeFront.walkerFront is null: _onNewSelection@resource://devtools/client/inspector/markup/markup.js:888:7
_emit@resource://devtools/shared/event-emitter.js:226:34
emit@resource://devtools/shared/event-emitter.js:172:18
emit@resource://devtools/shared/event-emitter.js:324:18
setNodeFront@resource://devtools/client/framework/selection.js:161:10
onDetached@resource://devtools/client/inspector/inspector.js:1641:20
_emit@resource://devtools/shared/event-emitter.js:226:34
emit@resource://devtools/shared/event-emitter.js:172:18
emit@resource://devtools/shared/event-emitter.js:324:18
_onMutations@resource://devtools/client/framework/selection.js:104:12
_emit@resource://devtools/shared/event-emitter.js:226:34
emit@resource://devtools/shared/event-emitter.js:172:18
emit@resource://devtools/shared/event-emitter.js:324:18
getMutations@resource://devtools/client/fronts/walker.js:358:10

console.error: (new Error("Can not send request 'getAllSelectors' because front 'domnode' is already destroyed.", "resource://devtools/shared/protocol/Front/FrontClassWithSpec.js", 28))
Error: Can not send request 'getAllSelectors' because front 'domnode' is already destroyed.: generateRequestMethods/</frontProto[name]@resource://devtools/shared/protocol/Front/FrontClassWithSpec.js:28:15
updateSelectionCssSelectors@resource://devtools/client/inspector/inspector.js:1455:32
onNewSelection@resource://devtools/client/inspector/inspector.js:1526:10
_emit@resource://devtools/shared/event-emitter.js:226:34
emit@resource://devtools/shared/event-emitter.js:172:18
emit@resource://devtools/shared/event-emitter.js:324:18
setNodeFront@resource://devtools/client/framework/selection.js:161:10
onDetached@resource://devtools/client/inspector/inspector.js:1641:20
_emit@resource://devtools/shared/event-emitter.js:226:34
emit@resource://devtools/shared/event-emitter.js:172:18
emit@resource://devtools/shared/event-emitter.js:324:18
_onMutations@resource://devtools/client/framework/selection.js:104:12
_emit@resource://devtools/shared/event-emitter.js:226:34
emit@resource://devtools/shared/event-emitter.js:172:18
emit@resource://devtools/shared/event-emitter.js:324:18
getMutations@resource://devtools/client/fronts/walker.js:358:10

console.error: (new TypeError("container.node.targetFront is null", "resource://devtools/client/inspector/markup/markup.js", 2241))
console.error: (new TypeError("container.node.targetFront is null", "resource://devtools/client/inspector/markup/markup.js", 2241))
console.error: (new Error("Protocol error (TypeError): node is null from: server0.conn0.child3/pagestyle26 (resource://devtools/server/actors/page-style.js:1003:5)", "resource://devtools/shared/protocol/Front.js", 361))
1613457312000	Marionette	INFO	Stopped listening on port 52013

###!!! [Child][RunMessage] Error: Channel closing: too late to send/recv, messages will be lost

1613457321748	geckodriver	INFO	Listening on 127.0.0.1:52142
1613457325959	mozrunner::runner	INFO	Running command: "C:\\Program Files (x86)\\Mozilla Firefox\\firefox.exe" "--marionette" "-foreground" "-no-remote" "-profile" "C:\\Users\\attapont\\AppData\\Local\\Temp\\rust_mozprofiled0yMot"
JavaScript error: resource://gre/modules/XULStore.jsm, line 66: Error: Can't find profile directory.
[ERROR glean_core] Failed to submit deletion-request ping on optout: An I/O error occurred: The process cannot access the file because it is being used by another process. (os error 32)
1613457328655	Marionette	INFO	Listening on port 52152
1613457329129	Marionette	WARN	TLS certificate errors will be ignored for this session
1613457329139	Marionette	ERROR	[27] No reply from Marionette:Register
1613457344521	Marionette	WARN	Ignoring event 'DOMContentLoaded' because document has an invalid readyState of 'complete'.
console.log: WebExtensions: reset-default-search: No addons in our list are installed.
1613457391109	Marionette	INFO	Stopped listening on port 52152
1613457478645	geckodriver	INFO	Listening on 127.0.0.1:52257
1613457482775	mozrunner::runner	INFO	Running command: "C:\\Program Files (x86)\\Mozilla Firefox\\firefox.exe" "--marionette" "-foreground" "-no-remote" "-profile" "C:\\Users\\attapont\\AppData\\Local\\Temp\\rust_mozprofile1WlS0K"
JavaScript error: resource://gre/modules/XULStore.jsm, line 66: Error: Can't find profile directory.
1613457485226	Marionette	INFO	Listening on port 52265
1613457485464	Marionette	WARN	TLS certificate errors will be ignored for this session
1613457485475	Marionette	ERROR	[27] No reply from Marionette:Register
1613457497469	Marionette	WARN	Ignoring event 'DOMContentLoaded' because document has an invalid readyState of 'complete'.
1613457498530	Marionette	WARN	Ignoring event 'DOMContentLoaded' because document has an invalid readyState of 'complete'.
console.log: WebExtensions: reset-default-search: No addons in our list are installed.
1613457515945	Marionette	ERROR	[4294967300] No reply from Marionette:Register
1613458065374	Marionette	INFO	Stopped listening on port 52265

###!!! [Child][RunMessage] Error: Channel closing: too late to send/recv, messages will be lost

.exe" "--marionette" "-foreground" "-no-remote" "-profile" "C:\\Users\\attapont\\AppData\\Local\\Temp\\rust_mozprofileBC0gPc"
JavaScript error: resource://gre/modules/XULStore.jsm, line 66: Error: Can't find profile directory.
1613457827000	Marionette	INFO	Listening on port 52505
1613457827245	Marionette	WARN	TLS certificate errors will be ignored for this session
1613457827257	Marionette	ERROR	[27] No reply from Marionette:Register
1613457839515	Marionette	WARN	Ignoring event 'DOMContentLoaded' because document has an invalid readyState of 'complete'.
1613457840996	Marionette	WARN	Ignoring event 'DOMContentLoaded' because document has an invalid readyState of 'complete'.
console.log: WebExtensions: reset-default-search: No addons in our list are installed.
1613457858130	Marionette	ERROR	[4294967300] No reply from Marionette:Register
1613457888808	Marionette	INFO	Stopped listening on port 52505

###!!! [Child][RunMessage] Error: Channel closing: too late to send/recv, messages will be lost

1613458308851	geckodriver	INFO	Listening on 127.0.0.1:53351
1613458313434	mozrunner::runner	INFO	Running command: "C:\\Program Files (x86)\\Mozilla Firefox\\firefox.exe" "--marionette" "-foreground" "-no-remote" "-profile" "C:\\Users\\attapont\\AppData\\Local\\Temp\\rust_mozprofile4aSc37"
JavaScript error: resource://gre/modules/XULStore.jsm, line 66: Error: Can't find profile directory.
[ERROR glean_core] Failed to submit deletion-request ping on optout: An I/O error occurred: The process cannot access the file because it is being used by another process. (os error 32)
1613458316223	Marionette	INFO	Listening on port 53361
1613458316591	Marionette	WARN	TLS certificate errors will be ignored for this session
1613458316603	Marionette	ERROR	[27] No reply from Marionette:Register
1613458330084	Marionette	WARN	Ignoring event 'DOMContentLoaded' because document has an invalid readyState of 'complete'.
1613458337239	Marionette	WARN	Ignoring event 'DOMContentLoaded' because document has an invalid readyState of 'complete'.
console.log: WebExtensions: reset-default-search: No addons in our list are installed.
1613458347318	Marionette	ERROR	[4294967300] No reply from Marionette:Register
1613458415237	Marionette	INFO	Stopped listening on port 53361

###!!! [Child][RunMessage] Error: Channel closing: too late to send/recv, messages will be lost

1613460487336	geckodriver	INFO	Listening on 127.0.0.1:54822
1613460491763	mozrunner::runner	INFO	Running command: "C:\\Program Files (x86)\\Mozilla Firefox\\firefox.exe" "--marionette" "-foreground" "-no-remote" "-profile" "C:\\Users\\attapont\\AppData\\Local\\Temp\\rust_mozprofilecqzXfh"
JavaScript error: resource://gre/modules/XULStore.jsm, line 66: Error: Can't find profile directory.
1613460494622	Marionette	INFO	Listening on port 54835
1613460494924	Marionette	WARN	TLS certificate errors will be ignored for this session
1613460494937	Marionette	ERROR	[27] No reply from Marionette:Register
console.log: WebExtensions: reset-default-search: No addons in our list are installed.
1613460556415	Marionette	INFO	Stopped listening on port 54835

###!!! [Child][RunMessage] Error: Channel closing: too late to send/recv, messages will be lost

1613460591603	geckodriver	INFO	Listening on 127.0.0.1:54977
1613460596521	mozrunner::runner	INFO	Running command: "C:\\Program Files (x86)\\Mozilla Firefox\\firefox.exe" "--marionette" "-foreground" "-no-remote" "-profile" "C:\\Users\\attapont\\AppData\\Local\\Temp\\rust_mozprofile4VBeZF"
JavaScript error: resource://gre/modules/XULStore.jsm, line 66: Error: Can't find profile directory.
1613460599220	Marionette	INFO	Listening on port 54987
1613460599697	Marionette	WARN	TLS certificate errors will be ignored for this session
1613460599711	Marionette	ERROR	[27] No reply from Marionette:Register
1613460613332	Marionette	WARN	Ignoring event 'DOMContentLoaded' because document has an invalid readyState of 'complete'.
1613460629879	Marionette	ERROR	[4294967300] No reply from Marionette:Register
console.log: WebExtensions: reset-default-search: No addons in our list are installed.
JavaScript error: https://d3foky5tj4r69v.cloudfront.net/app/shell/polyfills-es2015.486fbd94ce5c1f86c571.js, line 1: NS_ERROR_NOT_INITIALIZED: 
1613460746408	Marionette	INFO	Stopped listening on port 54987

###!!! [Child][RunMessage] Error: Channel closing: too late to send/recv, messages will be lost

1613462839252	geckodriver	INFO	Listening on 127.0.0.1:55977
1613462843520	mozrunner::runner	INFO	Running command: "C:\\Program Files (x86)\\Mozilla Firefox\\firefox.exe" "--marionette" "-foreground" "-no-remote" "-profile" "C:\\Users\\attapont\\AppData\\Local\\Temp\\rust_mozprofilefE6LQ1"
JavaScript error: resource://gre/modules/XULStore.jsm, line 66: Error: Can't find profile directory.
1613462846073	Marionette	INFO	Listening on port 55985
1613462846178	Marionette	WARN	TLS certificate errors will be ignored for this session
1613462846190	Marionette	ERROR	[27] No reply from Marionette:Register
1613462863609	Marionette	WARN	Ignoring event 'DOMContentLoaded' because document has an invalid readyState of 'complete'.
console.log: WebExtensions: reset-default-search: No addons in our list are installed.
1613462880440	Marionette	ERROR	[4294967300] No reply from Marionette:Register
1613462911725	Marionette	INFO	Stopped listening on port 55985

###!!! [Child][RunMessage] Error: Channel closing: too late to send/recv, messages will be lost

1613466235239	geckodriver	INFO	Listening on 127.0.0.1:57403
1613466239854	mozrunner::runner	INFO	Running command: "C:\\Program Files (x86)\\Mozilla Firefox\\firefox.exe" "--marionette" "-foreground" "-no-remote" "-profile" "C:\\Users\\attapont\\AppData\\Local\\Temp\\rust_mozprofileITnEIH"
JavaScript error: resource://gre/modules/XULStore.jsm, line 66: Error: Can't find profile directory.
1613466243195	Marionette	INFO	Listening on port 57413
1613466243582	Marionette	WARN	TLS certificate errors will be ignored for this session
1613466243596	Marionette	ERROR	[27] No reply from Marionette:Register
1613466264528	Marionette	WARN	Ignoring event 'DOMContentLoaded' because document has an invalid readyState of 'complete'.
console.log: WebExtensions: reset-default-search: No addons in our list are installed.
1613466281243	Marionette	ERROR	[4294967300] No reply from Marionette:Register
1613467698307	Marionette	INFO	Stopped listening on port 57413

###!!! [Child][RunMessage] Error: Channel closing: too late to send/recv, messages will be lost

.exe" "--marionette" "-foreground" "-no-remote" "-profile" "C:\\Users\\attapont\\AppData\\Local\\Temp\\rust_mozprofileSnbPv8"
JavaScript error: resource://gre/modules/XULStore.jsm, line 66: Error: Can't find profile directory.
1613467124096	Marionette	INFO	Listening on port 57842
1613467124173	Marionette	WARN	TLS certificate errors will be ignored for this session
1613467124192	Marionette	ERROR	[27] No reply from Marionette:Register
JavaScript error: , line 0: NotFoundError: No such JSWindowActor 'MarionetteEvents'
JavaScript error: , line 0: NotFoundError: No such JSWindowActor 'MarionetteEvents'
1613467136869	Marionette	WARN	Ignoring event 'DOMContentLoaded' because document has an invalid readyState of 'complete'.
1613467137470	Marionette	WARN	Ignoring event 'DOMContentLoaded' because document has an invalid readyState of 'complete'.
console.log: WebExtensions: reset-default-search: No addons in our list are installed.
1613467154086	Marionette	ERROR	[4294967300] No reply from Marionette:Register
1613467363039	Marionette	ERROR	[43] No reply from Marionette:Register
SourceActor threw an exception: [Exception... "Failed to open input source 'javascript:void(0)'"  nsresult: "0x80040111 (NS_ERROR_NOT_AVAILABLE)"  location: "JS frame :: resource://devtools/shared/DevToolsUtils.js :: mainThreadFetch/< :: line 668"  data: yes]
Stack: mainThreadFetch/<@resource://devtools/shared/DevToolsUtils.js:668:15
mainThreadFetch@resource://devtools/shared/DevToolsUtils.js:516:10
_fetchURLContents@resource://devtools/server/actors/utils/sources-manager.js:439:22
urlContents@resource://devtools/server/actors/utils/sources-manager.js:406:17
_resurrectSource@resource://devtools/server/actors/thread.js:2112:35
addAllSources@resource://devtools/server/actors/thread.js:1482:14
watch@resource://devtools/server/actors/resources/sources.js:52:17
watchResources@resource://devtools/server/actors/resources/index.js:204:19
_watchTargetResources@resource://devtools/server/actors/targets/target-actor-mixin.js:52:24
addWatcherDataEntry@resource://devtools/server/actors/targets/target-actor-mixin.js:29:21
_addWatcherDataEntry@resource://devtools/server/connectors/js-window-actor/DevToolsFrameChild.jsm:411:24
receiveMessage@resource://devtools/server/connectors/js-window-actor/DevToolsFrameChild.jsm:353:21
Line: 668, column: 0
console.error: ({})
JavaScript error: resource://devtools/shared/DevToolsUtils.js, line 668: NS_ERROR_NOT_AVAILABLE: Failed to open input source 'javascript:void(0)'
console.error: (new TypeError("parent is null", "resource://devtools/client/inspector/shared/style-change-tracker.js", 67))
TypeError: parent is null: canMutationImpactCurrentStyles@resource://devtools/client/inspector/shared/style-change-tracker.js:67:24
onMutations@resource://devtools/client/inspector/shared/style-change-tracker.js:84:41
_emit@resource://devtools/shared/event-emitter.js:226:34
emit@resource://devtools/shared/event-emitter.js:172:18
emit@resource://devtools/shared/event-emitter.js:324:18
getMutations@resource://devtools/client/fronts/walker.js:358:10

console.error: (new TypeError("container.node.targetFront is null", "resource://devtools/client/inspector/markup/markup.js", 2241))
console.error: (new TypeError("parent is null", "resource://devtools/client/inspector/shared/style-change-tracker.js", 67))
TypeError: parent is null: canMutationImpactCurrentStyles@resource://devtools/client/inspector/shared/style-change-tracker.js:67:24
onMutations@resource://devtools/client/inspector/shared/style-change-tracker.js:84:41
_emit@resource://devtools/shared/event-emitter.js:226:34
emit@resource://devtools/shared/event-emitter.js:172:18
emit@resource://devtools/shared/event-emitter.js:324:18
getMutations@resource://devtools/client/fronts/walker.js:358:10

console.error: (new TypeError("container.node.targetFront is null", "resource://devtools/client/inspector/markup/markup.js", 2241))
1613469618744	Marionette	INFO	Stopped listening on port 57842

###!!! [Child][RunMessage] Error: Channel closing: too late to send/recv, messages will be lost

1613487301994	geckodriver	INFO	Listening on 127.0.0.1:60359
1613487306653	mozrunner::runner	INFO	Running command: "C:\\Program Files (x86)\\Mozilla Firefox\\firefox.exe" "--marionette" "-foreground" "-no-remote" "-profile" "C:\\Users\\attapont\\AppData\\Local\\Temp\\rust_mozprofiledT4Yh2"
JavaScript error: resource://gre/modules/XULStore.jsm, line 66: Error: Can't find profile directory.
1613487309505	Marionette	INFO	Listening on port 60372
1613487309823	Marionette	WARN	TLS certificate errors will be ignored for this session
1613487309835	Marionette	ERROR	[27] No reply from Marionette:Register
1613487327118	Marionette	WARN	Ignoring event 'DOMContentLoaded' because document has an invalid readyState of 'complete'.
1613487329259	Marionette	WARN	Ignoring event 'DOMContentLoaded' because document has an invalid readyState of 'complete'.
console.log: WebExtensions: reset-default-search: No addons in our list are installed.
1613487347395	Marionette	ERROR	[4294967300] No reply from Marionette:Register
1613487373189	Marionette	INFO	Stopped listening on port 60372

###!!! [Child][RunMessage] Error: Channel closing: too late to send/recv, messages will be lost

